# JRE version: OpenJDK Runtime Environment Corretto-17.0.7.7.1 (17.0.7+7) (build 17.0.7+7-LTS)
# Java VM: OpenJDK 64-Bit Server VM Corretto-17.0.7.7.1 (17.0.7+7-LTS, mixed mode, sharing, tiered, compressed oops, compressed class ptrs, g1 gc, windows-amd64)
GC Precious Log:
 CPUs: 4 total, 4 available
 Memory: 6078M
 Large Page Support: Disabled
 NUMA Support: Disabled
 Compressed Oops: Enabled (32-bit)
 Heap Region Size: 1M
 Heap Min Capacity: 256M
 Heap Initial Capacity: 256M
 Heap Max Capacity: 512M
 Pre-touch: Disabled
 Parallel Workers: 4
 Concurrent Workers: 1
 Concurrent Refinement Workers: 4
 Periodic GC: Disabled
Heap:
 garbage-first heap   total 262144K, used 228183K [0x00000000e0000000, 0x0000000100000000)
  region size 1024K, 75 young (76800K), 6 survivors (6144K)
 Metaspace       used 97164K, committed 98176K, reserved 458752K
  class space    used 12667K, committed 13120K, reserved 327680K
GC Heap History (20 events):
Event: 3670.642 GC heap before
{Heap before GC invocations=31 (full 0):
 garbage-first heap   total 262144K, used 223399K [0x00000000e0000000, 0x0000000100000000)
  region size 1024K, 76 young (77824K), 2 survivors (2048K)
 Metaspace       used 96739K, committed 97728K, reserved 458752K
  class space    used 12628K, committed 13056K, reserved 327680K
}
Event: 3670.647 GC heap after
{Heap after GC invocations=32 (full 0):
 garbage-first heap   total 262144K, used 147667K [0x00000000e0000000, 0x0000000100000000)
  region size 1024K, 2 young (2048K), 2 survivors (2048K)
 Metaspace       used 96739K, committed 97728K, reserved 458752K
  class space    used 12628K, committed 13056K, reserved 327680K
}
Event: 3672.266 GC heap before
{Heap before GC invocations=32 (full 0):
 garbage-first heap   total 262144K, used 225491K [0x00000000e0000000, 0x0000000100000000)
  region size 1024K, 78 young (79872K), 2 survivors (2048K)
 Metaspace       used 96745K, committed 97728K, reserved 458752K
  class space    used 12628K, committed 13056K, reserved 327680K
}
Event: 3672.270 GC heap after
{Heap after GC invocations=33 (full 0):
 garbage-first heap   total 262144K, used 146662K [0x00000000e0000000, 0x0000000100000000)
  region size 1024K, 2 young (2048K), 2 survivors (2048K)
 Metaspace       used 96745K, committed 97728K, reserved 458752K
  class space    used 12628K, committed 13056K, reserved 327680K
}
Event: 3673.551 GC heap before
{Heap before GC invocations=33 (full 0):
 garbage-first heap   total 262144K, used 226534K [0x00000000e0000000, 0x0000000100000000)
  region size 1024K, 80 young (81920K), 2 survivors (2048K)
 Metaspace       used 96753K, committed 97728K, reserved 458752K
  class space    used 12628K, committed 13056K, reserved 327680K
}
Event: 3673.555 GC heap after
{Heap after GC invocations=34 (full 0):
 garbage-first heap   total 262144K, used 146163K [0x00000000e0000000, 0x0000000100000000)
  region size 1024K, 1 young (1024K), 1 survivors (1024K)
 Metaspace       used 96753K, committed 97728K, reserved 458752K
  class space    used 12628K, committed 13056K, reserved 327680K
}
Event: 3684.490 GC heap before
{Heap before GC invocations=34 (full 0):
 garbage-first heap   total 262144K, used 229107K [0x00000000e0000000, 0x0000000100000000)
  region size 1024K, 82 young (83968K), 1 survivors (1024K)
 Metaspace       used 97147K, committed 98112K, reserved 458752K
  class space    used 12664K, committed 13120K, reserved 327680K
}
Event: 3684.517 GC heap after
{Heap after GC invocations=35 (full 0):
 garbage-first heap   total 262144K, used 152632K [0x00000000e0000000, 0x0000000100000000)
  region size 1024K, 8 young (8192K), 8 survivors (8192K)
 Metaspace       used 97147K, committed 98112K, reserved 458752K
  class space    used 12664K, committed 13120K, reserved 327680K
}
Event: 3688.425 GC heap before
{Heap before GC invocations=35 (full 0):
 garbage-first heap   total 262144K, used 222264K [0x00000000e0000000, 0x0000000100000000)
  region size 1024K, 77 young (78848K), 8 survivors (8192K)
 Metaspace       used 97152K, committed 98176K, reserved 458752K
  class space    used 12664K, committed 13120K, reserved 327680K
}
Event: 3688.491 GC heap after
{Heap after GC invocations=36 (full 0):
 garbage-first heap   total 262144K, used 154789K [0x00000000e0000000, 0x0000000100000000)
  region size 1024K, 3 young (3072K), 3 survivors (3072K)
 Metaspace       used 97152K, committed 98176K, reserved 458752K
  class space    used 12664K, committed 13120K, reserved 327680K
}
Event: 3692.396 GC heap before
{Heap before GC invocations=36 (full 0):
 garbage-first heap   total 262144K, used 223397K [0x00000000e0000000, 0x0000000100000000)
  region size 1024K, 71 young (72704K), 3 survivors (3072K)
 Metaspace       used 97152K, committed 98176K, reserved 458752K
  class space    used 12664K, committed 13120K, reserved 327680K
}
Event: 3692.401 GC heap after
{Heap after GC invocations=37 (full 0):
 garbage-first heap   total 262144K, used 155466K [0x00000000e0000000, 0x0000000100000000)
  region size 1024K, 3 young (3072K), 3 survivors (3072K)
 Metaspace       used 97152K, committed 98176K, reserved 458752K
  class space    used 12664K, committed 13120K, reserved 327680K
}
Event: 3695.053 GC heap before
{Heap before GC invocations=37 (full 0):
 garbage-first heap   total 262144K, used 225098K [0x00000000e0000000, 0x0000000100000000)
  region size 1024K, 72 young (73728K), 3 survivors (3072K)
 Metaspace       used 97152K, committed 98176K, reserved 458752K
  class space    used 12664K, committed 13120K, reserved 327680K
}
Event: 3695.063 GC heap after
{Heap after GC invocations=38 (full 0):
 garbage-first heap   total 262144K, used 156966K [0x00000000e0000000, 0x0000000100000000)
  region size 1024K, 5 young (5120K), 5 survivors (5120K)
 Metaspace       used 97152K, committed 98176K, reserved 458752K
  class space    used 12664K, committed 13120K, reserved 327680K
}
Event: 3699.905 GC heap before
{Heap before GC invocations=38 (full 0):
 garbage-first heap   total 262144K, used 226598K [0x00000000e0000000, 0x0000000100000000)
  region size 1024K, 73 young (74752K), 5 survivors (5120K)
 Metaspace       used 97162K, committed 98176K, reserved 458752K
  class space    used 12667K, committed 13120K, reserved 327680K
}
Event: 3699.916 GC heap after
{Heap after GC invocations=39 (full 0):
 garbage-first heap   total 262144K, used 157530K [0x00000000e0000000, 0x0000000100000000)
  region size 1024K, 5 young (5120K), 5 survivors (5120K)
 Metaspace       used 97162K, committed 98176K, reserved 458752K
  class space    used 12667K, committed 13120K, reserved 327680K
}
Event: 3701.452 GC heap before
{Heap before GC invocations=39 (full 0):
 garbage-first heap   total 262144K, used 227162K [0x00000000e0000000, 0x0000000100000000)
  region size 1024K, 74 young (75776K), 5 survivors (5120K)
 Metaspace       used 97163K, committed 98176K, reserved 458752K
  class space    used 12667K, committed 13120K, reserved 327680K
}
Event: 3701.459 GC heap after
{Heap after GC invocations=40 (full 0):
 garbage-first heap   total 262144K, used 157806K [0x00000000e0000000, 0x0000000100000000)
  region size 1024K, 6 young (6144K), 6 survivors (6144K)
 Metaspace       used 97163K, committed 98176K, reserved 458752K
  class space    used 12667K, committed 13120K, reserved 327680K
}
Event: 3702.921 GC heap before
{Heap before GC invocations=40 (full 0):
 garbage-first heap   total 262144K, used 228462K [0x00000000e0000000, 0x0000000100000000)
  region size 1024K, 75 young (76800K), 6 survivors (6144K)
 Metaspace       used 97164K, committed 98176K, reserved 458752K
  class space    used 12667K, committed 13120K, reserved 327680K
}
Event: 3702.934 GC heap after
{Heap after GC invocations=41 (full 0):
 garbage-first heap   total 262144K, used 158551K [0x00000000e0000000, 0x0000000100000000)
  region size 1024K, 6 young (6144K), 6 survivors (6144K)
 Metaspace       used 97164K, committed 98176K, reserved 458752K
  class space    used 12667K, committed 13120K, reserved 327680K
}

